# JRE version: OpenJDK Runtime Environment (11.0.9.1+1) (build 11.0.9.1+1-Ubuntu-0ubuntu1.20.04)
# Java VM: OpenJDK 64-Bit Server VM (11.0.9.1+1-Ubuntu-0ubuntu1.20.04, mixed mode, sharing, tiered, compressed oops, g1 gc, linux-amd64)
Heap:
 garbage-first heap   total 96256K, used 65892K [0x00000000c4400000, 0x0000000100000000)
  region size 1024K, 39 young (39936K), 3 survivors (3072K)
 Metaspace       used 62772K, capacity 64642K, committed 64764K, reserved 1105920K
  class space    used 7818K, capacity 8538K, committed 8576K, reserved 1048576K
GC Heap History (20 events):
Event: 22,241 GC heap before
{Heap before GC invocations=21 (full 0):
 garbage-first heap   total 110592K, used 76291K [0x00000000c4400000, 0x0000000100000000)
  region size 1024K, 61 young (62464K), 6 survivors (6144K)
 Metaspace       used 48004K, capacity 49336K, committed 49660K, reserved 1093632K
  class space    used 5879K, capacity 6437K, committed 6528K, reserved 1048576K
}
Event: 22,258 GC heap after
{Heap after GC invocations=22 (full 0):
 garbage-first heap   total 110592K, used 24697K [0x00000000c4400000, 0x0000000100000000)
  region size 1024K, 6 young (6144K), 6 survivors (6144K)
 Metaspace       used 48004K, capacity 49336K, committed 49660K, reserved 1093632K
  class space    used 5879K, capacity 6437K, committed 6528K, reserved 1048576K
}
Event: 23,223 GC heap before
{Heap before GC invocations=22 (full 0):
 garbage-first heap   total 110592K, used 81017K [0x00000000c4400000, 0x0000000100000000)
  region size 1024K, 61 young (62464K), 6 survivors (6144K)
 Metaspace       used 52460K, capacity 53853K, committed 54140K, reserved 1095680K
  class space    used 6533K, capacity 7090K, committed 7168K, reserved 1048576K
}
Event: 23,239 GC heap after
{Heap after GC invocations=23 (full 0):
 garbage-first heap   total 110592K, used 25927K [0x00000000c4400000, 0x0000000100000000)
  region size 1024K, 6 young (6144K), 6 survivors (6144K)
 Metaspace       used 52460K, capacity 53853K, committed 54140K, reserved 1095680K
  class space    used 6533K, capacity 7090K, committed 7168K, reserved 1048576K
}
Event: 24,645 GC heap before
{Heap before GC invocations=23 (full 0):
 garbage-first heap   total 110592K, used 82247K [0x00000000c4400000, 0x0000000100000000)
  region size 1024K, 61 young (62464K), 6 survivors (6144K)
 Metaspace       used 56942K, capacity 58528K, committed 58620K, reserved 1099776K
  class space    used 7185K, capacity 7776K, committed 7808K, reserved 1048576K
}
Event: 24,656 GC heap after
{Heap after GC invocations=24 (full 0):
 garbage-first heap   total 110592K, used 26962K [0x00000000c4400000, 0x0000000100000000)
  region size 1024K, 3 young (3072K), 3 survivors (3072K)
 Metaspace       used 56942K, capacity 58528K, committed 58620K, reserved 1099776K
  class space    used 7185K, capacity 7776K, committed 7808K, reserved 1048576K
}
Event: 24,893 GC heap before
{Heap before GC invocations=24 (full 0):
 garbage-first heap   total 110592K, used 44370K [0x00000000c4400000, 0x0000000100000000)
  region size 1024K, 21 young (21504K), 3 survivors (3072K)
 Metaspace       used 58223K, capacity 59780K, committed 59900K, reserved 1101824K
  class space    used 7353K, capacity 7977K, committed 8064K, reserved 1048576K
}
Event: 24,900 GC heap after
{Heap after GC invocations=25 (full 0):
 garbage-first heap   total 110592K, used 27168K [0x00000000c4400000, 0x0000000100000000)
  region size 1024K, 3 young (3072K), 3 survivors (3072K)
 Metaspace       used 58223K, capacity 59780K, committed 59900K, reserved 1101824K
  class space    used 7353K, capacity 7977K, committed 8064K, reserved 1048576K
}
Event: 108,843 GC heap before
{Heap before GC invocations=26 (full 0):
 garbage-first heap   total 110592K, used 78368K [0x00000000c4400000, 0x0000000100000000)
  region size 1024K, 54 young (55296K), 3 survivors (3072K)
 Metaspace       used 61054K, capacity 62790K, committed 63100K, reserved 1103872K
  class space    used 7721K, capacity 8376K, committed 8448K, reserved 1048576K
}
Event: 108,856 GC heap after
{Heap after GC invocations=27 (full 0):
 garbage-first heap   total 110592K, used 30005K [0x00000000c4400000, 0x0000000100000000)
  region size 1024K, 6 young (6144K), 6 survivors (6144K)
 Metaspace       used 61054K, capacity 62790K, committed 63100K, reserved 1103872K
  class space    used 7721K, capacity 8376K, committed 8448K, reserved 1048576K
}
Event: 152,223 GC heap before
{Heap before GC invocations=27 (full 0):
 garbage-first heap   total 110592K, used 37173K [0x00000000c4400000, 0x0000000100000000)
  region size 1024K, 14 young (14336K), 6 survivors (6144K)
 Metaspace       used 61484K, capacity 63226K, committed 63484K, reserved 1103872K
  class space    used 7777K, capacity 8458K, committed 8576K, reserved 1048576K
}
Event: 152,299 GC heap after
{Heap after GC invocations=28 (full 1):
 garbage-first heap   total 96256K, used 25669K [0x00000000c4400000, 0x0000000100000000)
  region size 1024K, 0 young (0K), 0 survivors (0K)
 Metaspace       used 61484K, capacity 63226K, committed 63484K, reserved 1103872K
  class space    used 7777K, capacity 8458K, committed 8576K, reserved 1048576K
}
Event: 154,523 GC heap before
{Heap before GC invocations=28 (full 1):
 garbage-first heap   total 96256K, used 69701K [0x00000000c4400000, 0x0000000100000000)
  region size 1024K, 44 young (45056K), 0 survivors (0K)
 Metaspace       used 61819K, capacity 63543K, committed 63740K, reserved 1103872K
  class space    used 7787K, capacity 8472K, committed 8576K, reserved 1048576K
}
Event: 154,530 GC heap after
{Heap after GC invocations=29 (full 1):
 garbage-first heap   total 96256K, used 28136K [0x00000000c4400000, 0x0000000100000000)
  region size 1024K, 3 young (3072K), 3 survivors (3072K)
 Metaspace       used 61819K, capacity 63543K, committed 63740K, reserved 1103872K
  class space    used 7787K, capacity 8472K, committed 8576K, reserved 1048576K
}
Event: 155,385 GC heap before
{Heap before GC invocations=29 (full 1):
 garbage-first heap   total 96256K, used 71144K [0x00000000c4400000, 0x0000000100000000)
  region size 1024K, 46 young (47104K), 3 survivors (3072K)
 Metaspace       used 62024K, capacity 63879K, committed 63996K, reserved 1105920K
  class space    used 7795K, capacity 8511K, committed 8576K, reserved 1048576K
}
Event: 155,393 GC heap after
{Heap after GC invocations=30 (full 1):
 garbage-first heap   total 96256K, used 28741K [0x00000000c4400000, 0x0000000100000000)
  region size 1024K, 3 young (3072K), 3 survivors (3072K)
 Metaspace       used 62024K, capacity 63879K, committed 63996K, reserved 1105920K
  class space    used 7795K, capacity 8511K, committed 8576K, reserved 1048576K
}
Event: 309,305 GC heap before
{Heap before GC invocations=30 (full 1):
 garbage-first heap   total 96256K, used 69701K [0x00000000c4400000, 0x0000000100000000)
  region size 1024K, 45 young (46080K), 3 survivors (3072K)
 Metaspace       used 62520K, capacity 64332K, committed 64508K, reserved 1105920K
  class space    used 7809K, capacity 8525K, committed 8576K, reserved 1048576K
}
Event: 309,373 GC heap after
{Heap after GC invocations=31 (full 2):
 garbage-first heap   total 96256K, used 28616K [0x00000000c4400000, 0x0000000100000000)
  region size 1024K, 0 young (0K), 0 survivors (0K)
 Metaspace       used 62517K, capacity 64326K, committed 64508K, reserved 1105920K
  class space    used 7808K, capacity 8523K, committed 8576K, reserved 1048576K
}
Event: 309,970 GC heap before
{Heap before GC invocations=31 (full 2):
 garbage-first heap   total 96256K, used 72648K [0x00000000c4400000, 0x0000000100000000)
  region size 1024K, 44 young (45056K), 0 survivors (0K)
 Metaspace       used 62742K, capacity 64577K, committed 64764K, reserved 1105920K
  class space    used 7818K, capacity 8538K, committed 8576K, reserved 1048576K
}
Event: 309,986 GC heap after
{Heap after GC invocations=32 (full 2):
 garbage-first heap   total 96256K, used 31076K [0x00000000c4400000, 0x0000000100000000)
  region size 1024K, 3 young (3072K), 3 survivors (3072K)
 Metaspace       used 62742K, capacity 64577K, committed 64764K, reserved 1105920K
  class space    used 7818K, capacity 8538K, committed 8576K, reserved 1048576K
}

